# JRE version: OpenJDK Runtime Environment (21.0.7) (build 21.0.7+-13880790-b1038.58)
# Java VM: OpenJDK 64-Bit Server VM (21.0.7+-13880790-b1038.58, mixed mode, tiered, compressed oops, compressed class ptrs, g1 gc, windows-amd64)
GC Precious Log:
 CardTable entry size: 512
 Card Set container configuration: InlinePtr #cards 5 size 8 Array Of Cards #cards 12 size 40 Howl #buckets 4 coarsen threshold 1843 Howl Bitmap #cards 512 size 80 coarsen threshold 460 Card regions per heap region 1 cards per card region 2048
 CPUs: 16 total, 16 available
 Memory: 6005M
 Large Page Support: Disabled
 NUMA Support: Disabled
 Compressed Oops: Enabled (32-bit)
 Heap Region Size: 1M
 Heap Min Capacity: 8M
 Heap Initial Capacity: 94M
 Heap Max Capacity: 2G
 Pre-touch: Disabled
 Parallel Workers: 13
 Concurrent Workers: 3
 Concurrent Refinement Workers: 13
 Periodic GC: Disabled
Heap:
 garbage-first heap   total 175104K, used 148247K [0x0000000080000000, 0x0000000100000000)
  region size 1024K, 47 young (48128K), 6 survivors (6144K)
 Metaspace       used 108841K, committed 111040K, reserved 1179648K
  class space    used 15155K, committed 16256K, reserved 1048576K
GC Heap History (20 events):
Event: 55.199 GC heap before
{Heap before GC invocations=25 (full 0):
 garbage-first heap   total 132096K, used 117824K [0x0000000080000000, 0x0000000100000000)
  region size 1024K, 47 young (48128K), 6 survivors (6144K)
 Metaspace       used 86993K, committed 88832K, reserved 1179648K
  class space    used 11835K, committed 12736K, reserved 1048576K
}
Event: 55.206 GC heap after
{Heap after GC invocations=26 (full 0):
 garbage-first heap   total 132096K, used 77614K [0x0000000080000000, 0x0000000100000000)
  region size 1024K, 3 young (3072K), 3 survivors (3072K)
 Metaspace       used 86993K, committed 88832K, reserved 1179648K
  class space    used 11835K, committed 12736K, reserved 1048576K
}
Event: 56.922 GC heap before
{Heap before GC invocations=26 (full 0):
 garbage-first heap   total 132096K, used 118574K [0x0000000080000000, 0x0000000100000000)
  region size 1024K, 43 young (44032K), 3 survivors (3072K)
 Metaspace       used 89666K, committed 91648K, reserved 1179648K
  class space    used 12187K, committed 13120K, reserved 1048576K
}
Event: 56.932 GC heap after
{Heap after GC invocations=27 (full 0):
 garbage-first heap   total 132096K, used 81227K [0x0000000080000000, 0x0000000100000000)
  region size 1024K, 6 young (6144K), 6 survivors (6144K)
 Metaspace       used 89666K, committed 91648K, reserved 1179648K
  class space    used 12187K, committed 13120K, reserved 1048576K
}
Event: 58.200 GC heap before
{Heap before GC invocations=28 (full 0):
 garbage-first heap   total 137216K, used 118091K [0x0000000080000000, 0x0000000100000000)
  region size 1024K, 41 young (41984K), 6 survivors (6144K)
 Metaspace       used 92226K, committed 94208K, reserved 1179648K
  class space    used 12590K, committed 13568K, reserved 1048576K
}
Event: 58.211 GC heap after
{Heap after GC invocations=29 (full 0):
 garbage-first heap   total 137216K, used 83410K [0x0000000080000000, 0x0000000100000000)
  region size 1024K, 2 young (2048K), 2 survivors (2048K)
 Metaspace       used 92226K, committed 94208K, reserved 1179648K
  class space    used 12590K, committed 13568K, reserved 1048576K
}
Event: 59.916 GC heap before
{Heap before GC invocations=29 (full 0):
 garbage-first heap   total 137216K, used 125394K [0x0000000080000000, 0x0000000100000000)
  region size 1024K, 43 young (44032K), 2 survivors (2048K)
 Metaspace       used 95737K, committed 97728K, reserved 1179648K
  class space    used 13216K, committed 14208K, reserved 1048576K
}
Event: 59.963 GC heap after
{Heap after GC invocations=30 (full 0):
 garbage-first heap   total 137216K, used 83490K [0x0000000080000000, 0x0000000100000000)
  region size 1024K, 4 young (4096K), 4 survivors (4096K)
 Metaspace       used 95737K, committed 97728K, reserved 1179648K
  class space    used 13216K, committed 14208K, reserved 1048576K
}
Event: 61.814 GC heap before
{Heap before GC invocations=30 (full 0):
 garbage-first heap   total 137216K, used 123426K [0x0000000080000000, 0x0000000100000000)
  region size 1024K, 43 young (44032K), 4 survivors (4096K)
 Metaspace       used 98978K, committed 100992K, reserved 1179648K
  class space    used 13681K, committed 14656K, reserved 1048576K
}
Event: 61.824 GC heap after
{Heap after GC invocations=31 (full 0):
 garbage-first heap   total 137216K, used 85897K [0x0000000080000000, 0x0000000100000000)
  region size 1024K, 5 young (5120K), 5 survivors (5120K)
 Metaspace       used 98978K, committed 100992K, reserved 1179648K
  class space    used 13681K, committed 14656K, reserved 1048576K
}
Event: 62.924 GC heap before
{Heap before GC invocations=32 (full 0):
 garbage-first heap   total 145408K, used 122761K [0x0000000080000000, 0x0000000100000000)
  region size 1024K, 41 young (41984K), 5 survivors (5120K)
 Metaspace       used 101656K, committed 103808K, reserved 1179648K
  class space    used 14144K, committed 15232K, reserved 1048576K
}
Event: 62.930 GC heap after
{Heap after GC invocations=33 (full 0):
 garbage-first heap   total 145408K, used 87577K [0x0000000080000000, 0x0000000100000000)
  region size 1024K, 5 young (5120K), 5 survivors (5120K)
 Metaspace       used 101656K, committed 103808K, reserved 1179648K
  class space    used 14144K, committed 15232K, reserved 1048576K
}
Event: 63.965 GC heap before
{Heap before GC invocations=33 (full 0):
 garbage-first heap   total 145408K, used 130585K [0x0000000080000000, 0x0000000100000000)
  region size 1024K, 47 young (48128K), 5 survivors (5120K)
 Metaspace       used 105266K, committed 107456K, reserved 1179648K
  class space    used 14627K, committed 15680K, reserved 1048576K
}
Event: 63.975 GC heap after
{Heap after GC invocations=34 (full 0):
 garbage-first heap   total 145408K, used 89129K [0x0000000080000000, 0x0000000100000000)
  region size 1024K, 5 young (5120K), 5 survivors (5120K)
 Metaspace       used 105266K, committed 107456K, reserved 1179648K
  class space    used 14627K, committed 15680K, reserved 1048576K
}
Event: 64.418 GC heap before
{Heap before GC invocations=34 (full 0):
 garbage-first heap   total 145408K, used 131113K [0x0000000080000000, 0x0000000100000000)
  region size 1024K, 46 young (47104K), 5 survivors (5120K)
 Metaspace       used 105717K, committed 107904K, reserved 1179648K
  class space    used 14681K, committed 15744K, reserved 1048576K
}
Event: 64.430 GC heap after
{Heap after GC invocations=35 (full 0):
 garbage-first heap   total 175104K, used 96031K [0x0000000080000000, 0x0000000100000000)
  region size 1024K, 6 young (6144K), 6 survivors (6144K)
 Metaspace       used 105717K, committed 107904K, reserved 1179648K
  class space    used 14681K, committed 15744K, reserved 1048576K
}
Event: 71.244 GC heap before
{Heap before GC invocations=36 (full 0):
 garbage-first heap   total 175104K, used 158495K [0x0000000080000000, 0x0000000100000000)
  region size 1024K, 67 young (68608K), 6 survivors (6144K)
 Metaspace       used 108111K, committed 110336K, reserved 1179648K
  class space    used 15067K, committed 16192K, reserved 1048576K
}
Event: 71.256 GC heap after
{Heap after GC invocations=37 (full 0):
 garbage-first heap   total 175104K, used 103424K [0x0000000080000000, 0x0000000100000000)
  region size 1024K, 9 young (9216K), 9 survivors (9216K)
 Metaspace       used 108111K, committed 110336K, reserved 1179648K
  class space    used 15067K, committed 16192K, reserved 1048576K
}
Event: 74.436 GC heap before
{Heap before GC invocations=37 (full 0):
 garbage-first heap   total 175104K, used 154624K [0x0000000080000000, 0x0000000100000000)
  region size 1024K, 60 young (61440K), 9 survivors (9216K)
 Metaspace       used 108491K, committed 110784K, reserved 1179648K
  class space    used 15115K, committed 16256K, reserved 1048576K
}
Event: 74.464 GC heap after
{Heap after GC invocations=38 (full 0):
 garbage-first heap   total 175104K, used 107287K [0x0000000080000000, 0x0000000100000000)
  region size 1024K, 6 young (6144K), 6 survivors (6144K)
 Metaspace       used 108491K, committed 110784K, reserved 1179648K
  class space    used 15115K, committed 16256K, reserved 1048576K
}

